ResultSet{
  Metadata metadata;
  
  iterator()
  
  next()
  
  advance(target)

  
  type()
  
  getNextBatch()
  
  countExact()
  
  countEstimate()
  
  //special methods for different types of indexes
}

Segment{

  ResultSet apply(Filter)
  
}

Driver{

  Driver(Plan)
    
  run(){
     current 
     for(Stage stage:stages){
        if(predicateExecutionStage)
          stage.execute();
          stage.getOutput();
         
     
     }
  
  }

}

Plan{

  Stage root;
  
}


PipelineContext{


}
Stage{
  execute()
}

OperatorExecutionStage{

}

PredicateExecutionStage{

}

Predicate {


}

Operator{

  addInput(ResultSet set)
  
  start();
  
  stop()
  
  status();
  
  ResultSet getOutput()
}




